
> Configure project :app
e: file:///app/app/build.gradle.kts:167:25: Unresolved reference: accompanist

FAILURE: Build failed with an exception.

* Where:
Build file '/app/app/build.gradle.kts' line: 167

* What went wrong:
Script compilation error:

  Line 167:     implementation(libs.accompanist.webview)
                                    ^ Unresolved reference: accompanist

1 error

* Try:
> Run with --stacktrace option to get the stack trace.
> Run with --info or --debug option to get more log output.
> Run with --scan to get full insights.
> Get more help at https://help.gradle.org.

BUILD FAILED in 27s
